#
# There is insufficient memory for the Java Runtime Environment to continue.
# Native memory allocation (malloc) failed to allocate 2117936 bytes for Chunk::new
# Possible reasons:
#   The system is out of physical RAM or swap space
#   In 32 bit mode, the process size limit was hit
# Possible solutions:
#   Reduce memory load on the system
#   Increase physical memory or swap space
#   Check if swap backing store is full
#   Use 64 bit Java on a 64 bit OS
#   Decrease Java heap size (-Xmx/-Xms)
#   Decrease number of Java threads
#   Decrease Java thread stack sizes (-Xss)
#   Set larger code cache with -XX:ReservedCodeCacheSize=
# This output file may be truncated or incomplete.
#
#  Out of Memory Error (allocation.cpp:390), pid=13436, tid=0x0000000000003db4
#
# JRE version: Java(TM) SE Runtime Environment (8.0_101-b13) (build 1.8.0_101-b13)
# Java VM: Java HotSpot(TM) 64-Bit Server VM (25.101-b13 mixed mode windows-amd64 compressed oops)
# Failed to write core dump. Minidumps are not enabled by default on client versions of Windows
#

---------------  T H R E A D  ---------------

Current thread (0x0000000018848000):  JavaThread "C2 CompilerThread1" daemon [_thread_in_native, id=15796, stack(0x0000000019fc0000,0x000000001a0c0000)]

Stack: [0x0000000019fc0000,0x000000001a0c0000]
[error occurred during error reporting (printing stack bounds), id 0xc0000005]

Native frames: (J=compiled Java code, j=interpreted, Vv=VM code, C=native code)


Current CompileTask:
C2:   3213 2103   !   4       java.net.URLClassLoader$1::run (63 bytes)


---------------  P R O C E S S  ---------------

Java Threads: ( => current thread )
  0x000000001a1e8800 JavaThread "Service Thread" daemon [_thread_blocked, id=15852, stack(0x000000001a5c0000,0x000000001a6c0000)]
  0x0000000018850800 JavaThread "C1 CompilerThread2" daemon [_thread_blocked, id=15316, stack(0x000000001a0c0000,0x000000001a1c0000)]
=>0x0000000018848000 JavaThread "C2 CompilerThread1" daemon [_thread_in_native, id=15796, stack(0x0000000019fc0000,0x000000001a0c0000)]
  0x0000000018844000 JavaThread "C2 CompilerThread0" daemon [_thread_in_native, id=11876, stack(0x0000000019ec0000,0x0000000019fc0000)]
  0x0000000018842000 JavaThread "Attach Listener" daemon [_thread_blocked, id=8820, stack(0x0000000019dc0000,0x0000000019ec0000)]
  0x0000000018840800 JavaThread "Signal Dispatcher" daemon [_thread_blocked, id=980, stack(0x0000000019cc0000,0x0000000019dc0000)]
  0x0000000018830000 JavaThread "Finalizer" daemon [_thread_blocked, id=15540, stack(0x0000000019aa0000,0x0000000019ba0000)]
  0x0000000003cd5000 JavaThread "Reference Handler" daemon [_thread_blocked, id=11156, stack(0x00000000199a0000,0x0000000019aa0000)]
  0x0000000003be6000 JavaThread "main" [_thread_in_Java, id=5680, stack(0x0000000003ae0000,0x0000000003be0000)]

Other Threads:
  0x0000000018807000 VMThread [stack: 0x00000000198a0000,0x00000000199a0000] [id=15424]
  0x000000001a259800 WatcherThread [stack: 0x000000001a6c0000,0x000000001a7c0000] [id=13852]

VM state:not at safepoint (normal execution)

VM Mutex/Monitor currently owned by a thread: None

Heap:
 PSYoungGen      total 68096K, used 45382K [0x00000000d5f00000, 0x00000000ddf00000, 0x0000000100000000)
  eden space 62976K, 65% used [0x00000000d5f00000,0x00000000d8756ec8,0x00000000d9c80000)
  from space 5120K, 79% used [0x00000000da500000,0x00000000da8fac18,0x00000000daa00000)
  to   space 8704K, 0% used [0x00000000d9c80000,0x00000000d9c80000,0x00000000da500000)
 ParOldGen       total 50688K, used 5234K [0x0000000081c00000, 0x0000000084d80000, 0x00000000d5f00000)
  object space 50688K, 10% used [0x0000000081c00000,0x000000008211ca18,0x0000000084d80000)
 Metaspace       used 26022K, capacity 26854K, committed 27008K, reserved 1073152K
  class space    used 3431K, capacity 3635K, committed 3712K, reserved 1048576K

Card table byte_map: [0x00000000130a0000,0x00000000134a0000] byte_map_base: 0x0000000012c92000

Marking Bits: (ParMarkBitMap*) 0x000000005731a6d0
 Begin Bits: [0x0000000013b50000, 0x0000000015ae0000)
 End Bits:   [0x0000000015ae0000, 0x0000000017a70000)

Polling page: 0x0000000002e40000

CodeCache: size=245760Kb used=8306Kb max_used=8306Kb free=237453Kb
 bounds [0x0000000003ce0000, 0x0000000004500000, 0x0000000012ce0000]
 total_blobs=2761 nmethods=2372 adapters=301
 compilation: enabled

Compilation events (10 events):
Event: 3.164 Thread 0x0000000018850800 2381       3       java.util.IdentityHashMap::get (60 bytes)
Event: 3.165 Thread 0x0000000018850800 nmethod 2381 0x00000000044f3710 code [0x00000000044f38c0, 0x00000000044f3d68]
Event: 3.165 Thread 0x0000000018850800 2380       3       org.springframework.beans.factory.support.AbstractBeanFactory::isTypeMatch (547 bytes)
Event: 3.171 Thread 0x0000000018850800 nmethod 2380 0x00000000044f3f90 code [0x00000000044f4600, 0x00000000044fa138]
Event: 3.171 Thread 0x0000000018850800 2379       3       org.springframework.beans.factory.support.DefaultListableBeanFactory::requiresEagerInitForType (26 bytes)
Event: 3.172 Thread 0x0000000018850800 nmethod 2379 0x00000000044fc0d0 code [0x00000000044fc260, 0x00000000044fc6f8]
Event: 3.172 Thread 0x0000000018850800 2385       1       org.springframework.beans.BeanMetadataAttribute::getValue (5 bytes)
Event: 3.172 Thread 0x0000000018850800 nmethod 2385 0x00000000044fc810 code [0x00000000044fc960, 0x00000000044fca70]
Event: 3.172 Thread 0x0000000018850800 2382       3       sun.reflect.NativeMethodAccessorImpl::invoke (104 bytes)
Event: 3.175 Thread 0x0000000018850800 nmethod 2382 0x00000000044fcad0 code [0x00000000044fcd40, 0x00000000044fe1d8]

GC Heap History (10 events):
Event: 1.535 GC heap before
{Heap before GC invocations=3 (full 0):
 PSYoungGen      total 38400K, used 38106K [0x00000000d5f00000, 0x00000000daa00000, 0x0000000100000000)
  eden space 33280K, 100% used [0x00000000d5f00000,0x00000000d7f80000,0x00000000d7f80000)
  from space 5120K, 94% used [0x00000000d8480000,0x00000000d8936a88,0x00000000d8980000)
  to   space 5120K, 0% used [0x00000000d7f80000,0x00000000d7f80000,0x00000000d8480000)
 ParOldGen       total 87552K, used 16K [0x0000000081c00000, 0x0000000087180000, 0x00000000d5f00000)
  object space 87552K, 0% used [0x0000000081c00000,0x0000000081c04000,0x0000000087180000)
 Metaspace       used 15939K, capacity 16506K, committed 16640K, reserved 1062912K
  class space    used 2107K, capacity 2259K, committed 2304K, reserved 1048576K
Event: 1.545 GC heap after
Heap after GC invocations=3 (full 0):
 PSYoungGen      total 38400K, used 5094K [0x00000000d5f00000, 0x00000000daa00000, 0x0000000100000000)
  eden space 33280K, 0% used [0x00000000d5f00000,0x00000000d5f00000,0x00000000d7f80000)
  from space 5120K, 99% used [0x00000000d7f80000,0x00000000d8479850,0x00000000d8480000)
  to   space 5120K, 0% used [0x00000000da500000,0x00000000da500000,0x00000000daa00000)
 ParOldGen       total 87552K, used 1856K [0x0000000081c00000, 0x0000000087180000, 0x00000000d5f00000)
  object space 87552K, 2% used [0x0000000081c00000,0x0000000081dd00a8,0x0000000087180000)
 Metaspace       used 15939K, capacity 16506K, committed 16640K, reserved 1062912K
  class space    used 2107K, capacity 2259K, committed 2304K, reserved 1048576K
}
Event: 1.828 GC heap before
{Heap before GC invocations=4 (full 0):
 PSYoungGen      total 38400K, used 38374K [0x00000000d5f00000, 0x00000000daa00000, 0x0000000100000000)
  eden space 33280K, 100% used [0x00000000d5f00000,0x00000000d7f80000,0x00000000d7f80000)
  from space 5120K, 99% used [0x00000000d7f80000,0x00000000d8479850,0x00000000d8480000)
  to   space 5120K, 0% used [0x00000000da500000,0x00000000da500000,0x00000000daa00000)
 ParOldGen       total 87552K, used 1856K [0x0000000081c00000, 0x0000000087180000, 0x00000000d5f00000)
  object space 87552K, 2% used [0x0000000081c00000,0x0000000081dd00a8,0x0000000087180000)
 Metaspace       used 19941K, capacity 20560K, committed 20736K, reserved 1067008K
  class space    used 2631K, capacity 2796K, committed 2816K, reserved 1048576K
Event: 1.842 GC heap after
Heap after GC invocations=4 (full 0):
 PSYoungGen      total 71680K, used 5108K [0x00000000d5f00000, 0x00000000daa00000, 0x0000000100000000)
  eden space 66560K, 0% used [0x00000000d5f00000,0x00000000d5f00000,0x00000000da000000)
  from space 5120K, 99% used [0x00000000da500000,0x00000000da9fd028,0x00000000daa00000)
  to   space 5120K, 0% used [0x00000000da000000,0x00000000da000000,0x00000000da500000)
 ParOldGen       total 87552K, used 4800K [0x0000000081c00000, 0x0000000087180000, 0x00000000d5f00000)
  object space 87552K, 5% used [0x0000000081c00000,0x00000000820b0328,0x0000000087180000)
 Metaspace       used 19941K, capacity 20560K, committed 20736K, reserved 1067008K
  class space    used 2631K, capacity 2796K, committed 2816K, reserved 1048576K
}
Event: 1.896 GC heap before
{Heap before GC invocations=5 (full 0):
 PSYoungGen      total 71680K, used 13263K [0x00000000d5f00000, 0x00000000daa00000, 0x0000000100000000)
  eden space 66560K, 12% used [0x00000000d5f00000,0x00000000d66f6dd8,0x00000000da000000)
  from space 5120K, 99% used [0x00000000da500000,0x00000000da9fd028,0x00000000daa00000)
  to   space 5120K, 0% used [0x00000000da000000,0x00000000da000000,0x00000000da500000)
 ParOldGen       total 87552K, used 4800K [0x0000000081c00000, 0x0000000087180000, 0x00000000d5f00000)
  object space 87552K, 5% used [0x0000000081c00000,0x00000000820b0328,0x0000000087180000)
 Metaspace       used 20657K, capacity 21232K, committed 21296K, reserved 1067008K
  class space    used 2725K, capacity 2892K, committed 2944K, reserved 1048576K
Event: 1.904 GC heap after
Heap after GC invocations=5 (full 0):
 PSYoungGen      total 71680K, used 5101K [0x00000000d5f00000, 0x00000000daa00000, 0x0000000100000000)
  eden space 66560K, 0% used [0x00000000d5f00000,0x00000000d5f00000,0x00000000da000000)
  from space 5120K, 99% used [0x00000000da000000,0x00000000da4fb400,0x00000000da500000)
  to   space 5120K, 0% used [0x00000000da500000,0x00000000da500000,0x00000000daa00000)
 ParOldGen       total 87552K, used 5025K [0x0000000081c00000, 0x0000000087180000, 0x00000000d5f00000)
  object space 87552K, 5% used [0x0000000081c00000,0x00000000820e8410,0x0000000087180000)
 Metaspace       used 20657K, capacity 21232K, committed 21296K, reserved 1067008K
  class space    used 2725K, capacity 2892K, committed 2944K, reserved 1048576K
}
Event: 1.904 GC heap before
{Heap before GC invocations=6 (full 1):
 PSYoungGen      total 71680K, used 5101K [0x00000000d5f00000, 0x00000000daa00000, 0x0000000100000000)
  eden space 66560K, 0% used [0x00000000d5f00000,0x00000000d5f00000,0x00000000da000000)
  from space 5120K, 99% used [0x00000000da000000,0x00000000da4fb400,0x00000000da500000)
  to   space 5120K, 0% used [0x00000000da500000,0x00000000da500000,0x00000000daa00000)
 ParOldGen       total 87552K, used 5025K [0x0000000081c00000, 0x0000000087180000, 0x00000000d5f00000)
  object space 87552K, 5% used [0x0000000081c00000,0x00000000820e8410,0x0000000087180000)
 Metaspace       used 20657K, capacity 21232K, committed 21296K, reserved 1067008K
  class space    used 2725K, capacity 2892K, committed 2944K, reserved 1048576K
Event: 1.939 GC heap after
Heap after GC invocations=6 (full 1):
 PSYoungGen      total 71680K, used 0K [0x00000000d5f00000, 0x00000000daa00000, 0x0000000100000000)
  eden space 66560K, 0% used [0x00000000d5f00000,0x00000000d5f00000,0x00000000da000000)
  from space 5120K, 0% used [0x00000000da000000,0x00000000da000000,0x00000000da500000)
  to   space 5120K, 0% used [0x00000000da500000,0x00000000da500000,0x00000000daa00000)
 ParOldGen       total 50688K, used 5226K [0x0000000081c00000, 0x0000000084d80000, 0x00000000d5f00000)
  object space 50688K, 10% used [0x0000000081c00000,0x000000008211aa18,0x0000000084d80000)
 Metaspace       used 20655K, capacity 21226K, committed 21296K, reserved 1067008K
  class space    used 2724K, capacity 2891K, committed 2944K, reserved 1048576K
}
Event: 2.570 GC heap before
{Heap before GC invocations=7 (full 1):
 PSYoungGen      total 71680K, used 66560K [0x00000000d5f00000, 0x00000000daa00000, 0x0000000100000000)
  eden space 66560K, 100% used [0x00000000d5f00000,0x00000000da000000,0x00000000da000000)
  from space 5120K, 0% used [0x00000000da000000,0x00000000da000000,0x00000000da500000)
  to   space 5120K, 0% used [0x00000000da500000,0x00000000da500000,0x00000000daa00000)
 ParOldGen       total 50688K, used 5226K [0x0000000081c00000, 0x0000000084d80000, 0x00000000d5f00000)
  object space 50688K, 10% used [0x0000000081c00000,0x000000008211aa18,0x0000000084d80000)
 Metaspace       used 23382K, capacity 24130K, committed 24320K, reserved 1071104K
  class space    used 3056K, capacity 3267K, committed 3328K, reserved 1048576K
Event: 2.578 GC heap after
Heap after GC invocations=7 (full 1):
 PSYoungGen      total 68096K, used 4075K [0x00000000d5f00000, 0x00000000ddf00000, 0x0000000100000000)
  eden space 62976K, 0% used [0x00000000d5f00000,0x00000000d5f00000,0x00000000d9c80000)
  from space 5120K, 79% used [0x00000000da500000,0x00000000da8fac18,0x00000000daa00000)
  to   space 8704K, 0% used [0x00000000d9c80000,0x00000000d9c80000,0x00000000da500000)
 ParOldGen       total 50688K, used 5234K [0x0000000081c00000, 0x0000000084d80000, 0x00000000d5f00000)
  object space 50688K, 10% used [0x0000000081c00000,0x000000008211ca18,0x0000000084d80000)
 Metaspace       used 23382K, capacity 24130K, committed 24320K, reserved 1071104K
  class space    used 3056K, capacity 3267K, committed 3328K, reserved 1048576K
}

Deoptimization events (10 events):
Event: 0.896 Thread 0x000000001b18f000 Uncommon trap: reason=range_check action=make_not_entrant pc=0x0000000003f79f20 method=sun.reflect.generics.parser.SignatureParser.current()C @ 34
Event: 1.334 Thread 0x000000001b18f000 Uncommon trap: reason=unstable_if action=reinterpret pc=0x0000000003f79a9c method=java.util.HashMap.hash(Ljava/lang/Object;)I @ 1
Event: 1.344 Thread 0x000000001b18f000 Uncommon trap: reason=unstable_if action=reinterpret pc=0x0000000004069fac method=java.util.concurrent.ConcurrentHashMap.putVal(Ljava/lang/Object;Ljava/lang/Object;Z)Ljava/lang/Object; @ 147
Event: 1.391 Thread 0x000000001b18f000 Uncommon trap: reason=unstable_if action=reinterpret pc=0x000000000404b4e4 method=java.util.HashMap.putVal(ILjava/lang/Object;Ljava/lang/Object;ZZ)Ljava/lang/Object; @ 193
Event: 1.396 Thread 0x000000001b18f000 Uncommon trap: reason=unstable_if action=reinterpret pc=0x000000000404367c method=java.util.HashMap.putVal(ILjava/lang/Object;Ljava/lang/Object;ZZ)Ljava/lang/Object; @ 193
Event: 1.411 Thread 0x0000000003be6000 Uncommon trap: reason=unstable_if action=reinterpret pc=0x0000000003f615b8 method=java.util.HashMap.getNode(ILjava/lang/Object;)Ljava/util/HashMap$Node; @ 129
Event: 1.689 Thread 0x0000000003be6000 Uncommon trap: reason=unstable_if action=reinterpret pc=0x0000000003f98718 method=java.io.WinNTFileSystem.normalize(Ljava/lang/String;)Ljava/lang/String; @ 128
Event: 2.141 Thread 0x000000001b18f000 Uncommon trap: reason=unstable_if action=reinterpret pc=0x000000000421558c method=com.sun.org.apache.xerces.internal.impl.XMLEntityScanner.scanLiteral(ILcom/sun/org/apache/xerces/internal/xni/XMLString;Z)I @ 570
Event: 2.253 Thread 0x000000001b18f000 Uncommon trap: reason=unstable_if action=reinterpret pc=0x000000000429895c method=com.sun.org.apache.xerces.internal.impl.XMLEntityScanner.skipSpaces()Z @ 125
Event: 2.342 Thread 0x0000000003be6000 Uncommon trap: reason=unstable_if action=reinterpret pc=0x000000000409f744 method=java.util.jar.Manifest$FastInputStream.readLine([BII)I @ 87

Internal exceptions (10 events):
Event: 1.641 Thread 0x0000000003be6000 Exception <a 'java/lang/ClassNotFoundException': org/springframework/core/OrderedCustomizer> (0x00000000d6b01450) thrown at [C:\re\workspace\8-2-build-windows-amd64-cygwin\jdk8u101\7261\hotspot\src\share\vm\classfile\systemDictionary.cpp, line 210]
Event: 1.641 Thread 0x0000000003be6000 Exception <a 'java/lang/ClassNotFoundException': org/springframework/context/ResourceLoaderAwareCustomizer> (0x00000000d6b171b0) thrown at [C:\re\workspace\8-2-build-windows-amd64-cygwin\jdk8u101\7261\hotspot\src\share\vm\classfile\systemDictionary.cpp, liÞsþ(;Dú?
Event: 1.642 Thread 0x0000000003be6000 Exception <a 'java/lang/ClassNotFoundException': org/springframework/beans/factory/AwareCustomizer> (0x00000000d6b2b290) thrown at [C:\re\workspace\8-2-build-windows-amd64-cygwin\jdk8u101\7261\hotspot\src\share\vm\classfile\systemDictionary.cpp, line 210]
Event: 1.642 Thread 0x0000000003be6000 Exception <a 'java/lang/ClassNotFoundException': org/springframework/beans/factory/BeanClassLoaderAwareCustomizer> (0x00000000d6ba6490) thrown at [C:\re\workspace\8-2-build-windows-amd64-cygwin\jdk8u101\7261\hotspot\src\share\vm\classfile\systemDictionary.+úýöVHú?
Event: 1.643 Thread 0x0000000003be6000 Exception <a 'java/lang/ClassNotFoundException': org/springframework/beans/factory/AwareCustomizer> (0x00000000d6bba588) thrown at [C:\re\workspace\8-2-build-windows-amd64-cygwin\jdk8u101\7261\hotspot\src\share\vm\classfile\systemDictionary.cpp, line 210]
Event: 1.643 Thread 0x0000000003be6000 Exception <a 'java/lang/ClassNotFoundException': org/springframework/context/EnvironmentAwareCustomizer> (0x00000000d6bcea68) thrown at [C:\re\workspace\8-2-build-windows-amd64-cygwin\jdk8u101\7261\hotspot\src\share\vm\classfile\systemDictionary.cpp, line Ý.
ÈLú?
Event: 1.644 Thread 0x0000000003be6000 Exception <a 'java/lang/ClassNotFoundException': org/springframework/beans/factory/AwareCustomizer> (0x00000000d6be2a40) thrown at [C:\re\workspace\8-2-build-windows-amd64-cygwin\jdk8u101\7261\hotspot\src\share\vm\classfile\systemDictionary.cpp, line 210]
Event: 1.692 Thread 0x0000000003be6000 Exception <a 'java/lang/NoSuchMethodError': java.lang.Object.lambda$comparing$77a9974f$1(Ljava/util/function/Function;Ljava/lang/Object;Ljava/lang/Object;)I> (0x00000000d709fd00) thrown at [C:\re\workspace\8-2-build-windows-amd64-cygwin\jdk8u101\7261\hotsp
Event: 1.813 Thread 0x000000001b18f000 Exception <a 'java/lang/IncompatibleClassChangeError': Found class java.lang.Object, but interface was expected> (0x00000000d7cd8348) thrown at [C:\re\workspace\8-2-build-windows-amd64-cygwin\jdk8u101\7261\hotspot\src\share\vm\interpreter\linkResolver.cpp,ž‚$—ÿ?
Event: 1.941 Thread 0x0000000003be6000 Exception <a 'java/lang/IncompatibleClassChangeError': Found class java.lang.Object, but interface was expected> (0x00000000d5fc6080) thrown at [C:\re\workspace\8-2-build-windows-amd64-cygwin\jdk8u101\7261\hotspot\src\share\vm\interpreter\linkResolver.cpp,±)K_…?ú?

Events (10 events):
Event: 3.207 loading class org/springframework/asm/ByteVector
Event: 3.207 loading class org/springframework/asm/ByteVector done
Event: 3.208 loading class org/springframework/cglib/core/ClassEmitter
Event: 3.208 loading class org/springframework/cglib/core/ClassEmitter done
Event: 3.209 loading class org/springframework/cglib/transform/ClassTransformer
Event: 3.209 loading class org/springframework/cglib/transform/ClassTransformer done
Event: 3.209 loading class org/springframework/cglib/core/ClassInfo
Event: 3.209 loading class org/springframework/cglib/core/ClassInfo done
Event: 3.210 loading class org/springframework/cglib/core/ClassEmitter$1
Event: 3.210 loading class org/springframework/cglib/core/ClassEmitter$1 done


Dynamic libraries:
0x00007ff783da0000 - 0x00007ff783dd7000 	C:\Program Files\Java\jre1.8.0_101\bin\javaw.exe
0x00007ffd7c100000 - 0x00007ffd7c2e1000 	C:\WINDOWS\SYSTEM32\ntdll.dll
0x00007ffd7c010000 - 0x00007ffd7c0c2000 	C:\WINDOWS\System32\KERNEL32.DLL
0x00007ffd79310000 - 0x00007ffd79583000 	C:\WINDOWS\System32\KERNELBASE.dll
0x00007ffd797e0000 - 0x00007ffd79881000 	C:\WINDOWS\System32\ADVAPI32.dll
0x00007ffd79db0000 - 0x00007ffd79e4e000 	C:\WINDOWS\System32\msvcrt.dll
0x00007ffd79780000 - 0x00007ffd797db000 	C:\WINDOWS\System32\sechost.dll
0x00007ffd795a0000 - 0x00007ffd796c4000 	C:\WINDOWS\System32\RPCRT4.dll
0x00007ffd79c10000 - 0x00007ffd79da0000 	C:\WINDOWS\System32\USER32.dll
0x00007ffd792f0000 - 0x00007ffd79310000 	C:\WINDOWS\System32\win32u.dll
0x00007ffd796d0000 - 0x00007ffd796f8000 	C:\WINDOWS\System32\GDI32.dll
0x00007ffd79150000 - 0x00007ffd792e2000 	C:\WINDOWS\System32\gdi32full.dll
0x00007ffd78850000 - 0x00007ffd788ef000 	C:\WINDOWS\System32\msvcp_win.dll
0x00007ffd78940000 - 0x00007ffd78a3a000 	C:\WINDOWS\System32\ucrtbase.dll
0x00007ffd6cce0000 - 0x00007ffd6cf49000 	C:\WINDOWS\WinSxS\amd64_microsoft.windows.common-controls_6595b64144ccf1df_6.0.17134.407_none_fb449d63306391e9\COMCTL32.dll
0x00007ffd79ec0000 - 0x00007ffd7a1e2000 	C:\WINDOWS\System32\combase.dll
0x00007ffd785e0000 - 0x00007ffd7865a000 	C:\WINDOWS\System32\bcryptPrimitives.dll
0x00007ffd7a1f0000 - 0x00007ffd7a21d000 	C:\WINDOWS\System32\IMM32.DLL
0x00007ffd773e0000 - 0x00007ffd77542000 	C:\WINDOWS\system32\tmumh\20019\AddOn\8.0.0.1056\TmUmEvt64.dll
0x00007ffd79a80000 - 0x00007ffd79a88000 	C:\WINDOWS\System32\PSAPI.DLL
0x00007ffd79a20000 - 0x00007ffd79a71000 	C:\WINDOWS\System32\SHLWAPI.dll
0x000000005af30000 - 0x000000005b095000 	C:\WINDOWS\system32\tmumh\20019\TmMon\2.7.3.1003\tmmon64.dll
0x0000000002dd0000 - 0x0000000002dd3000 	C:\WINDOWS\system32\sfc.dll
0x00007ffd670e0000 - 0x00007ffd670f3000 	C:\WINDOWS\SYSTEM32\sfc_os.DLL
0x00007ffd70d70000 - 0x00007ffd70d7a000 	C:\WINDOWS\system32\Version.dll
0x00007ffd7b8f0000 - 0x00007ffd7bd3b000 	C:\WINDOWS\System32\SETUPAPI.dll
0x00007ffd788f0000 - 0x00007ffd78939000 	C:\WINDOWS\System32\cfgmgr32.dll
0x0000000056930000 - 0x0000000056a02000 	C:\Program Files\Java\jre1.8.0_101\bin\msvcr100.dll
0x0000000056b00000 - 0x000000005739a000 	C:\Program Files\Java\jre1.8.0_101\bin\server\jvm.dll
0x00007ffd69c60000 - 0x00007ffd69c69000 	C:\WINDOWS\SYSTEM32\WSOCK32.dll
0x00007ffd79e50000 - 0x00007ffd79ebc000 	C:\WINDOWS\System32\WS2_32.dll
0x00007ffd75c30000 - 0x00007ffd75c53000 	C:\WINDOWS\SYSTEM32\WINMM.dll
0x00007ffd75c00000 - 0x00007ffd75c2a000 	C:\WINDOWS\SYSTEM32\WINMMBASE.dll
0x0000000056af0000 - 0x0000000056aff000 	C:\Program Files\Java\jre1.8.0_101\bin\verify.dll
0x0000000056ac0000 - 0x0000000056ae9000 	C:\Program Files\Java\jre1.8.0_101\bin\java.dll
0x0000000056aa0000 - 0x0000000056ab6000 	C:\Program Files\Java\jre1.8.0_101\bin\zip.dll
0x00007ffd7a240000 - 0x00007ffd7b67f000 	C:\WINDOWS\System32\SHELL32.dll
0x00007ffd7b840000 - 0x00007ffd7b8e9000 	C:\WINDOWS\System32\shcore.dll
0x00007ffd78a40000 - 0x00007ffd7914d000 	C:\WINDOWS\System32\windows.storage.dll
0x00007ffd78480000 - 0x00007ffd78491000 	C:\WINDOWS\System32\kernel.appcore.dll
0x00007ffd784b0000 - 0x00007ffd784cf000 	C:\WINDOWS\System32\profapi.dll
0x00007ffd78430000 - 0x00007ffd7847c000 	C:\WINDOWS\System32\powrprof.dll
0x00007ffd784a0000 - 0x00007ffd784aa000 	C:\WINDOWS\System32\FLTLIB.DLL
0x000000001c3e0000 - 0x000000001c3ed000 	C:\Program Files\Java\jre1.8.0_101\bin\management.dll
0x0000000056a80000 - 0x0000000056a9a000 	C:\Program Files\Java\jre1.8.0_101\bin\net.dll
0x00007ffd77c30000 - 0x00007ffd77c96000 	C:\WINDOWS\system32\mswsock.dll
0x00007ffd5abf0000 - 0x00007ffd5ac06000 	C:\WINDOWS\system32\napinsp.dll
0x00007ffd5abd0000 - 0x00007ffd5abea000 	C:\WINDOWS\system32\pnrpnsp.dll
0x00007ffd74950000 - 0x00007ffd74969000 	C:\WINDOWS\system32\NLAapi.dll
0x00007ffd779f0000 - 0x00007ffd77aae000 	C:\WINDOWS\SYSTEM32\DNSAPI.dll
0x00007ffd79590000 - 0x00007ffd79598000 	C:\WINDOWS\System32\NSI.dll
0x00007ffd779b0000 - 0x00007ffd779e8000 	C:\WINDOWS\SYSTEM32\IPHLPAPI.DLL
0x00007ffd5abc0000 - 0x00007ffd5abce000 	C:\WINDOWS\System32\winrnr.dll
0x00007ffd6c3a0000 - 0x00007ffd6c3aa000 	C:\Windows\System32\rasadhlp.dll
0x00007ffd6c7b0000 - 0x00007ffd6c822000 	C:\WINDOWS\System32\fwpuclnt.dll
0x00007ffd77f10000 - 0x00007ffd77f35000 	C:\WINDOWS\SYSTEM32\bcrypt.dll
0x0000000056a60000 - 0x0000000056a71000 	C:\Program Files\Java\jre1.8.0_101\bin\nio.dll

VM Arguments:
jvm_args: -Dfile.encoding=UTF-8 
java_command: br.com.rafaelvalentim.webapp.WebappApplication
java_class_path (initial): C:\Program Files\Java\jre1.8.0_101\lib\resources.jar;C:\Program Files\Java\jre1.8.0_101\lib\rt.jar;C:\Program Files\Java\jre1.8.0_101\lib\jsse.jar;C:\Program Files\Java\jre1.8.0_101\lib\jce.jar;C:\Program Files\Java\jre1.8.0_101\lib\charsets.jar;C:\Program Files\Java\jre1.8.0_101\lib\jfr.jar;C:\Program Files\Java\jre1.8.0_101\lib\ext\access-bridge-64.jar;C:\Program Files\Java\jre1.8.0_101\lib\ext\cldrdata.jar;C:\Program Files\Java\jre1.8.0_101\lib\ext\dnsns.jar;C:\Program Files\Java\jre1.8.0_101\lib\ext\dns_sd.jar;C:\Program Files\Java\jre1.8.0_101\lib\ext\jaccess.jar;C:\Program Files\Java\jre1.8.0_101\lib\ext\jfxrt.jar;C:\Program Files\Java\jre1.8.0_101\lib\ext\localedata.jar;C:\Program Files\Java\jre1.8.0_101\lib\ext\nashorn.jar;C:\Program Files\Java\jre1.8.0_101\lib\ext\sunec.jar;C:\Program Files\Java\jre1.8.0_101\lib\ext\sunjce_provider.jar;C:\Program Files\Java\jre1.8.0_101\lib\ext\sunmscapi.jar;C:\Program Files\Java\jre1.8.0_101\lib\ext\sunpkcs11.jar;C:\Program Files\Java\jre1.8.0_101\lib\ext\zipfs.jar;C:\Users\Rafael.Valentim\Desktop\spring-web\webapp\target\classes;C:\Users\Rafael.Valentim\.m2\repository\org\springframework\boot\spring-boot-starter-data-jpa\2.1.1.RELEASE\spring-boot-starter-data-jpa-2.1.1.RELEASE.jar;C:\Users\Rafael.Valentim\.m2\repository\org\springframework\boot\spring-boot-starter-aop\2.1.1.RELEASE\spring-boot-starter-aop-2.1.1.RELEASE.jar;C:\Users\Rafael.Valentim\.m2\repository\org\aspectj\aspectjweaver\1.9.2\aspectjweaver-1.9.2.jar;C:\Users\Rafael.Valentim\.m2\repository\org\springframework\boot\spring-boot-starter-jdbc\2.1.1.RELEASE\spring-boot-starter-jdbc-2.1.1.RELEASE.jar;C:\Users\Rafael.Valentim\.m2\repository\com\zaxxer\HikariCP\3.2.0\HikariCP-3.2.0.jar;C:\Users\Rafael.Valentim\.m2\repository\org\springframework\spring-jdbc\5.1.3.RELEASE\spring-jdbc-5.1.3.RELEASE.jar;C:\Users\Rafael.Valentim\.m2\repository\javax\transaction\javax.transaction-api\1.3\javax.transaction-api-1.3.jar;C:\Users\Rafael.Valenti
Launcher Type: SUN_STANDARD

Environment Variables:
JAVA_HOME=C:\Program Files\Java\jdk1.8.0_91
CLASSPATH=.;C:\Program Files\Java\jdk1.8.0_91\lib;C:\Program Files\Java\jdk1.8.0_91\lib\tools.jar;C:\Program Files\Java\jdk1.8.0_91\lib\dt.jar;C:\Program Files\Java\jdk1.8.0_91\lib\htmlconverter.jar;C:\Program Files\Java\jdk1.8.0_91\jre\lib;C:\Program Files\Java\jdk1.8.0_91\jre\lib\rt.jar
USERNAME=Rafael.Valentim
OS=Windows_NT
PROCESSOR_IDENTIFIER=Intel64 Family 6 Model 69 Stepping 1, GenuineIntel



---------------  S Y S T E M  ---------------

OS: Windows 10.0 , 64 bit Build 17134 (10.0.17134.1)

CPU:total 4 (2 cores per cpu, 2 threads per core) family 6 model 69 stepping 1, cmov, cx8, fxsr, mmx, sse, sse2, sse3, ssse3, sse4.1, sse4.2, popcnt, avx, avx2, aes, clmul, erms, lzcnt, ht, tsc, tscinvbit, bmi1, bmi2

Memory: 4k page, physical 8266712k(3006292k free), swap 8287192k(6184k free)

vm_info: Java HotSpot(TM) 64-Bit Server VM (25.101-b13) for windows-amd64 JRE (1.8.0_101-b13), built on Jun 22 2016 01:21:29 by "java_re" with MS VC++ 10.0 (VS2010)

time: Mon Dec 03 15:04:12 2018
elapsed time: 3 seconds (0d 0h 0m 3s)

